Welcome to SWI-Prolog (Multi-threaded, 64 bits, Version 6.6.6)
Copyright (c) 1990-2013 University of Amsterdam, VU Amsterdam
SWI-Prolog comes with ABSOLUTELY NO WARRANTY. This is free software,
and you are welcome to redistribute it under certain conditions.
Please visit http://www.swi-prolog.org for details.

For help, use ?- help(Topic). or ?- apropos(Word).

?- ['native.pro'].
% native.pro compiled 0.01 sec, 57 clauses
true.

?- ['beer.nkb'].
% beer.nkb compiled 0.06 sec, 2,190 clauses
true.

?- solve.
style:ale? (yes or no) > yes.
color:blonde? (yes or no) > no.
color:golden? (yes or no) > yes.
head:white? (yes or no) > no.
head:off-white? (yes or no) > yes.
malts:bready? (yes or no) > no.
malts:sweet? (yes or no) > yes.
hops:low? (yes or no) > no.
hops:moderate_aroma? (yes or no) > yes.
yeast:fruity? (yes or no) > no.
yeast:moderate? (yes or no) > yes.
consistency:smooth? (yes or no) > no.
consistency:with_a_crispness? (yes or no) > yes.
carbonation:light? (yes or no) > no.
carbonation:spritzy? (yes or no) > yes.
body:light? (yes or no) > no.
body:medium? (yes or no) > yes.
finish:average? (yes or no) > no.
finish:long? (yes or no) > yes.
taste_smell:crisp? (yes or no) > no.
taste_smell:grainy? (yes or no) > yes.
alcohol_by_volume_abv_range:4? (yes or no) > no.
alcohol_by_volume_abv_range:5? (yes or no) > yes.
bitterness_ibu:20? (yes or no) > no.
bitterness_ibu:28? (yes or no) > yes.
serving_temperature:cold? (yes or no) > no.
serving_temperature:39? (yes or no) > yes.
glassware:stange? (yes or no) > no.
glassware:pilsner? (yes or no) > yes.
cheese_pairing_ideas:brick? (yes or no) > no.
cheese_pairing_ideas:brie? (yes or no) > yes.
food_pairing_ideas:german? (yes or no) > no.
food_pairing_ideas:salad? (yes or no) > yes.
The answer is kolsch
true .