Welcome to SWI-Prolog (Multi-threaded, 64 bits, Version 6.6.6)
Copyright (c) 1990-2013 University of Amsterdam, VU Amsterdam
SWI-Prolog comes with ABSOLUTELY NO WARRANTY. This is free software,
and you are welcome to redistribute it under certain conditions.
Please visit http://www.swi-prolog.org for details.

For help, use ?- help(Topic). or ?- apropos(Word).

?- ['native.pro'].
% native.pro compiled 0.01 sec, 57 clauses
true.

?- ['beer.nkb'].
% beer.nkb compiled 0.06 sec, 2,190 clauses
true.

?- solve.
style:ale? (yes or no) > no.
style:lager? (yes or no) > no.
style:specialty? (yes or no) > yes.
taste_smell:complex? (yes or no) > no.
taste_smell:spicy? (yes or no) > yes.
alcohol_by_volume_abv_range:4? (yes or no) > yes.
bitterness_ibu:10? (yes or no) > yes.
serving_temperature:cool? (yes or no) > no.
serving_temperature:46? (yes or no) > yes.
glassware:pint? (yes or no) > yes.
cheese_pairing_ideas:asiago? (yes or no) > no.
cheese_pairing_ideas:colby? (yes or no) > yes.
food_pairing_ideas:duck? (yes or no) > no.
food_pairing_ideas:lamb? (yes or no) > no.
food_pairing_ideas:turkey? (yes or no) > yes.
The answer is pumpkin_ale
true .